[2020-08-20 16:54:00.029] [exthost] [info] extension host started
[2020-08-20 16:54:00.041] [exthost] [info] ExtensionService#_doActivateExtension vscode.microsoft-authentication {"startup":false,"extensionId":{"value":"vscode.microsoft-authentication","_lower":"vscode.microsoft-authentication"},"activationEvent":"onAuthenticationRequest:microsoft"}
[2020-08-20 16:54:00.041] [exthost] [info] ExtensionService#loadCommonJSModule file:///snap/code/40/usr/share/code/resources/app/extensions/microsoft-authentication/dist/extension.js
[2020-08-20 16:54:00.051] [exthost] [info] ExtensionService#_doActivateExtension vscode.github-authentication {"startup":false,"extensionId":{"value":"vscode.github-authentication","_lower":"vscode.github-authentication"},"activationEvent":"onAuthenticationRequest:github"}
[2020-08-20 16:54:00.051] [exthost] [info] ExtensionService#loadCommonJSModule file:///snap/code/40/usr/share/code/resources/app/extensions/github-authentication/dist/extension.js
[2020-08-20 16:54:00.060] [exthost] [info] ExtensionService#_doActivateExtension vscode.debug-auto-launch {"startup":true,"extensionId":{"value":"vscode.debug-auto-launch","_lower":"vscode.debug-auto-launch"},"activationEvent":"*"}
[2020-08-20 16:54:00.060] [exthost] [info] ExtensionService#loadCommonJSModule file:///snap/code/40/usr/share/code/resources/app/extensions/debug-auto-launch/dist/extension
[2020-08-20 16:54:00.061] [exthost] [info] ExtensionService#_doActivateExtension vscode.emmet {"startup":true,"extensionId":{"value":"vscode.emmet","_lower":"vscode.emmet"},"activationEvent":"*"}
[2020-08-20 16:54:00.061] [exthost] [info] ExtensionService#loadCommonJSModule file:///snap/code/40/usr/share/code/resources/app/extensions/emmet/dist/node/emmetNodeMain
[2020-08-20 16:54:00.066] [exthost] [info] ExtensionService#_doActivateExtension vscode.git {"startup":true,"extensionId":{"value":"vscode.github","_lower":"vscode.github"},"activationEvent":"*"}
[2020-08-20 16:54:00.066] [exthost] [info] ExtensionService#loadCommonJSModule file:///snap/code/40/usr/share/code/resources/app/extensions/git/dist/main
[2020-08-20 16:54:00.096] [exthost] [info] ExtensionService#_doActivateExtension vscode.merge-conflict {"startup":true,"extensionId":{"value":"vscode.merge-conflict","_lower":"vscode.merge-conflict"},"activationEvent":"*"}
[2020-08-20 16:54:00.096] [exthost] [info] ExtensionService#loadCommonJSModule file:///snap/code/40/usr/share/code/resources/app/extensions/merge-conflict/dist/mergeConflictMain
[2020-08-20 16:54:00.097] [exthost] [info] ExtensionService#_doActivateExtension vscode.search-result {"startup":true,"extensionId":{"value":"vscode.search-result","_lower":"vscode.search-result"},"activationEvent":"*"}
[2020-08-20 16:54:00.097] [exthost] [info] ExtensionService#loadCommonJSModule file:///snap/code/40/usr/share/code/resources/app/extensions/search-result/dist/extension.js
[2020-08-20 16:54:00.131] [exthost] [info] ExtensionService#_doActivateExtension vscode.github {"startup":true,"extensionId":{"value":"vscode.github","_lower":"vscode.github"},"activationEvent":"*"}
[2020-08-20 16:54:00.131] [exthost] [info] ExtensionService#loadCommonJSModule file:///snap/code/40/usr/share/code/resources/app/extensions/github/dist/extension.js
[2020-08-20 16:54:00.144] [exthost] [info] eager extensions activated
[2020-08-20 16:54:47.163] [exthost] [info] extension host started
[2020-08-20 16:54:47.201] [exthost] [info] ExtensionService#_doActivateExtension vscode.microsoft-authentication {"startup":false,"extensionId":{"value":"vscode.microsoft-authentication","_lower":"vscode.microsoft-authentication"},"activationEvent":"onAuthenticationRequest:microsoft"}
[2020-08-20 16:54:47.201] [exthost] [info] ExtensionService#loadCommonJSModule file:///snap/code/40/usr/share/code/resources/app/extensions/microsoft-authentication/dist/extension.js
[2020-08-20 16:54:47.210] [exthost] [info] ExtensionService#_doActivateExtension vscode.github-authentication {"startup":false,"extensionId":{"value":"vscode.github-authentication","_lower":"vscode.github-authentication"},"activationEvent":"onAuthenticationRequest:github"}
[2020-08-20 16:54:47.210] [exthost] [info] ExtensionService#loadCommonJSModule file:///snap/code/40/usr/share/code/resources/app/extensions/github-authentication/dist/extension.js
[2020-08-20 16:54:47.216] [exthost] [info] ExtensionService#_doActivateExtension vscode.debug-auto-launch {"startup":true,"extensionId":{"value":"vscode.debug-auto-launch","_lower":"vscode.debug-auto-launch"},"activationEvent":"*"}
[2020-08-20 16:54:47.216] [exthost] [info] ExtensionService#loadCommonJSModule file:///snap/code/40/usr/share/code/resources/app/extensions/debug-auto-launch/dist/extension
[2020-08-20 16:54:47.217] [exthost] [info] ExtensionService#_doActivateExtension vscode.emmet {"startup":true,"extensionId":{"value":"vscode.emmet","_lower":"vscode.emmet"},"activationEvent":"*"}
[2020-08-20 16:54:47.217] [exthost] [info] ExtensionService#loadCommonJSModule file:///snap/code/40/usr/share/code/resources/app/extensions/emmet/dist/node/emmetNodeMain
[2020-08-20 16:54:47.224] [exthost] [info] ExtensionService#_doActivateExtension vscode.git {"startup":true,"extensionId":{"value":"vscode.github","_lower":"vscode.github"},"activationEvent":"*"}
[2020-08-20 16:54:47.224] [exthost] [info] ExtensionService#loadCommonJSModule file:///snap/code/40/usr/share/code/resources/app/extensions/git/dist/main
[2020-08-20 16:54:47.234] [exthost] [info] ExtensionService#_doActivateExtension vscode.merge-conflict {"startup":true,"extensionId":{"value":"vscode.merge-conflict","_lower":"vscode.merge-conflict"},"activationEvent":"*"}
[2020-08-20 16:54:47.234] [exthost] [info] ExtensionService#loadCommonJSModule file:///snap/code/40/usr/share/code/resources/app/extensions/merge-conflict/dist/mergeConflictMain
[2020-08-20 16:54:47.235] [exthost] [info] ExtensionService#_doActivateExtension vscode.search-result {"startup":true,"extensionId":{"value":"vscode.search-result","_lower":"vscode.search-result"},"activationEvent":"*"}
[2020-08-20 16:54:47.235] [exthost] [info] ExtensionService#loadCommonJSModule file:///snap/code/40/usr/share/code/resources/app/extensions/search-result/dist/extension.js
[2020-08-20 16:54:47.280] [exthost] [info] ExtensionService#_doActivateExtension vscode.github {"startup":true,"extensionId":{"value":"vscode.github","_lower":"vscode.github"},"activationEvent":"*"}
[2020-08-20 16:54:47.280] [exthost] [info] ExtensionService#loadCommonJSModule file:///snap/code/40/usr/share/code/resources/app/extensions/github/dist/extension.js
[2020-08-20 16:54:47.293] [exthost] [info] eager extensions activated
[2020-08-20 16:55:02.207] [exthost] [info] extension host started
[2020-08-20 16:55:02.224] [exthost] [info] ExtensionService#_doActivateExtension vscode.microsoft-authentication {"startup":false,"extensionId":{"value":"vscode.microsoft-authentication","_lower":"vscode.microsoft-authentication"},"activationEvent":"onAuthenticationRequest:microsoft"}
[2020-08-20 16:55:02.224] [exthost] [info] ExtensionService#loadCommonJSModule file:///snap/code/40/usr/share/code/resources/app/extensions/microsoft-authentication/dist/extension.js
[2020-08-20 16:55:02.230] [exthost] [info] ExtensionService#_doActivateExtension vscode.github-authentication {"startup":false,"extensionId":{"value":"vscode.github-authentication","_lower":"vscode.github-authentication"},"activationEvent":"onAuthenticationRequest:github"}
[2020-08-20 16:55:02.230] [exthost] [info] ExtensionService#loadCommonJSModule file:///snap/code/40/usr/share/code/resources/app/extensions/github-authentication/dist/extension.js
[2020-08-20 16:55:02.233] [exthost] [info] ExtensionService#_doActivateExtension vscode.debug-auto-launch {"startup":true,"extensionId":{"value":"vscode.debug-auto-launch","_lower":"vscode.debug-auto-launch"},"activationEvent":"*"}
[2020-08-20 16:55:02.233] [exthost] [info] ExtensionService#loadCommonJSModule file:///snap/code/40/usr/share/code/resources/app/extensions/debug-auto-launch/dist/extension
[2020-08-20 16:55:02.234] [exthost] [info] ExtensionService#_doActivateExtension vscode.emmet {"startup":true,"extensionId":{"value":"vscode.emmet","_lower":"vscode.emmet"},"activationEvent":"*"}
[2020-08-20 16:55:02.234] [exthost] [info] ExtensionService#loadCommonJSModule file:///snap/code/40/usr/share/code/resources/app/extensions/emmet/dist/node/emmetNodeMain
[2020-08-20 16:55:02.243] [exthost] [info] ExtensionService#_doActivateExtension vscode.git {"startup":true,"extensionId":{"value":"vscode.github","_lower":"vscode.github"},"activationEvent":"*"}
[2020-08-20 16:55:02.243] [exthost] [info] ExtensionService#loadCommonJSModule file:///snap/code/40/usr/share/code/resources/app/extensions/git/dist/main
[2020-08-20 16:55:02.251] [exthost] [info] ExtensionService#_doActivateExtension vscode.merge-conflict {"startup":true,"extensionId":{"value":"vscode.merge-conflict","_lower":"vscode.merge-conflict"},"activationEvent":"*"}
[2020-08-20 16:55:02.251] [exthost] [info] ExtensionService#loadCommonJSModule file:///snap/code/40/usr/share/code/resources/app/extensions/merge-conflict/dist/mergeConflictMain
[2020-08-20 16:55:02.252] [exthost] [info] ExtensionService#_doActivateExtension vscode.search-result {"startup":true,"extensionId":{"value":"vscode.search-result","_lower":"vscode.search-result"},"activationEvent":"*"}
[2020-08-20 16:55:02.252] [exthost] [info] ExtensionService#loadCommonJSModule file:///snap/code/40/usr/share/code/resources/app/extensions/search-result/dist/extension.js
[2020-08-20 16:55:02.292] [exthost] [info] ExtensionService#_doActivateExtension vscode.github {"startup":true,"extensionId":{"value":"vscode.github","_lower":"vscode.github"},"activationEvent":"*"}
[2020-08-20 16:55:02.292] [exthost] [info] ExtensionService#loadCommonJSModule file:///snap/code/40/usr/share/code/resources/app/extensions/github/dist/extension.js
[2020-08-20 16:55:02.306] [exthost] [info] eager extensions activated
[2020-08-20 16:55:04.604] [exthost] [info] ExtensionService#_doActivateExtension vscode.grunt {"startup":false,"extensionId":{"value":"vscode.grunt","_lower":"vscode.grunt"},"activationEvent":"onCommand:workbench.action.tasks.runTask"}
[2020-08-20 16:55:04.605] [exthost] [info] ExtensionService#loadCommonJSModule file:///snap/code/40/usr/share/code/resources/app/extensions/grunt/dist/main
[2020-08-20 16:55:04.608] [exthost] [info] ExtensionService#_doActivateExtension vscode.gulp {"startup":false,"extensionId":{"value":"vscode.gulp","_lower":"vscode.gulp"},"activationEvent":"onCommand:workbench.action.tasks.runTask"}
[2020-08-20 16:55:04.609] [exthost] [info] ExtensionService#loadCommonJSModule file:///snap/code/40/usr/share/code/resources/app/extensions/gulp/dist/main
[2020-08-20 16:55:04.611] [exthost] [info] ExtensionService#_doActivateExtension vscode.jake {"startup":false,"extensionId":{"value":"vscode.jake","_lower":"vscode.jake"},"activationEvent":"onCommand:workbench.action.tasks.runTask"}
[2020-08-20 16:55:04.611] [exthost] [info] ExtensionService#loadCommonJSModule file:///snap/code/40/usr/share/code/resources/app/extensions/jake/dist/main
[2020-08-20 16:55:04.613] [exthost] [info] ExtensionService#_doActivateExtension vscode.npm {"startup":false,"extensionId":{"value":"vscode.npm","_lower":"vscode.npm"},"activationEvent":"onCommand:workbench.action.tasks.runTask"}
[2020-08-20 16:55:04.613] [exthost] [info] ExtensionService#loadCommonJSModule file:///snap/code/40/usr/share/code/resources/app/extensions/npm/dist/npmMain
[2020-08-20 16:55:04.619] [exthost] [info] ExtensionService#_doActivateExtension vscode.typescript-language-features {"startup":false,"extensionId":{"value":"vscode.typescript-language-features","_lower":"vscode.typescript-language-features"},"activationEvent":"onCommand:workbench.action.tasks.runTask"}
[2020-08-20 16:55:04.619] [exthost] [info] ExtensionService#loadCommonJSModule file:///snap/code/40/usr/share/code/resources/app/extensions/typescript-language-features/dist/extension
[2020-08-20 16:55:26.771] [exthost] [info] ExtensionService#_doActivateExtension vscode.configuration-editing {"startup":false,"extensionId":{"value":"vscode.configuration-editing","_lower":"vscode.configuration-editing"},"activationEvent":"onLanguage:jsonc"}
[2020-08-20 16:55:26.772] [exthost] [info] ExtensionService#loadCommonJSModule file:///snap/code/40/usr/share/code/resources/app/extensions/configuration-editing/dist/configurationEditingMain
[2020-08-20 16:55:26.774] [exthost] [info] ExtensionService#_doActivateExtension vscode.json-language-features {"startup":false,"extensionId":{"value":"vscode.json-language-features","_lower":"vscode.json-language-features"},"activationEvent":"onLanguage:jsonc"}
[2020-08-20 16:55:26.775] [exthost] [info] ExtensionService#loadCommonJSModule file:///snap/code/40/usr/share/code/resources/app/extensions/json-language-features/client/dist/node/jsonClientMain
[2020-08-20 17:05:33.259] [exthost] [info] ExtensionService#_doActivateExtension ms-vscode.js-debug {"startup":false,"extensionId":{"value":"ms-vscode.js-debug","_lower":"ms-vscode.js-debug"},"activationEvent":"onDebugInitialConfigurations"}
[2020-08-20 17:05:33.259] [exthost] [info] ExtensionService#loadCommonJSModule file:///snap/code/40/usr/share/code/resources/app/extensions/ms-vscode.js-debug/src/extension.js
[2020-08-20 17:05:33.436] [exthost] [info] ExtensionService#_doActivateExtension ms-vscode.node-debug2 {"startup":false,"extensionId":{"value":"ms-vscode.node-debug","_lower":"ms-vscode.node-debug"},"activationEvent":"onDebugInitialConfigurations"}
[2020-08-20 17:05:33.436] [exthost] [info] ExtensionService#loadCommonJSModule file:///snap/code/40/usr/share/code/resources/app/extensions/ms-vscode.node-debug2/out/src/extension
[2020-08-20 17:05:33.467] [exthost] [info] ExtensionService#_doActivateExtension ms-vscode.node-debug {"startup":false,"extensionId":{"value":"ms-vscode.node-debug","_lower":"ms-vscode.node-debug"},"activationEvent":"onDebugInitialConfigurations"}
[2020-08-20 17:05:33.467] [exthost] [info] ExtensionService#loadCommonJSModule file:///snap/code/40/usr/share/code/resources/app/extensions/ms-vscode.node-debug/dist/extension.js
[2020-08-20 17:05:38.276] [exthost] [info] ExtensionService#_doActivateExtension vscode.debug-server-ready {"startup":false,"extensionId":{"value":"vscode.debug-server-ready","_lower":"vscode.debug-server-ready"},"activationEvent":"onDebugResolve"}
[2020-08-20 17:05:38.276] [exthost] [info] ExtensionService#loadCommonJSModule file:///snap/code/40/usr/share/code/resources/app/extensions/debug-server-ready/dist/extension
[2020-08-20 17:05:43.935] [exthost] [info] ExtensionService#_doActivateExtension ms-vscode.cpptools {"startup":false,"extensionId":{"value":"ms-vscode.cpptools","_lower":"ms-vscode.cpptools"},"activationEvent":"*"}
[2020-08-20 17:05:43.935] [exthost] [info] ExtensionService#loadCommonJSModule file:///root/.vscode/extensions/ms-vscode.cpptools-0.29.0/dist/main
[2020-08-20 17:08:07.503] [exthost] [info] ExtensionService#_doActivateExtension vscode.python {"startup":false,"extensionId":{"value":"vscode.python","_lower":"vscode.python"},"activationEvent":"onLanguage:python"}
[2020-08-20 17:08:07.503] [exthost] [info] ExtensionService#loadCommonJSModule file:///snap/code/40/usr/share/code/resources/app/extensions/python/dist/pythonMain
[2020-08-20 17:10:03.063] [exthost] [error] [ms-vscode.cpptools] provider FAILED
[2020-08-20 17:10:03.063] [exthost] [error] undefined
[2020-08-20 17:10:10.208] [exthost] [error] [ms-vscode.cpptools] provider FAILED
[2020-08-20 17:10:10.208] [exthost] [error] undefined
[2020-08-20 17:10:26.755] [exthost] [error] [ms-vscode.cpptools] provider FAILED
[2020-08-20 17:10:26.755] [exthost] [error] undefined
[2020-08-20 17:11:10.189] [exthost] [info] extension host started
[2020-08-20 17:11:10.206] [exthost] [info] ExtensionService#_doActivateExtension vscode.microsoft-authentication {"startup":false,"extensionId":{"value":"vscode.microsoft-authentication","_lower":"vscode.microsoft-authentication"},"activationEvent":"onAuthenticationRequest:microsoft"}
[2020-08-20 17:11:10.206] [exthost] [info] ExtensionService#loadCommonJSModule file:///snap/code/40/usr/share/code/resources/app/extensions/microsoft-authentication/dist/extension.js
[2020-08-20 17:11:10.212] [exthost] [info] ExtensionService#_doActivateExtension vscode.github-authentication {"startup":false,"extensionId":{"value":"vscode.github-authentication","_lower":"vscode.github-authentication"},"activationEvent":"onAuthenticationRequest:github"}
[2020-08-20 17:11:10.212] [exthost] [info] ExtensionService#loadCommonJSModule file:///snap/code/40/usr/share/code/resources/app/extensions/github-authentication/dist/extension.js
[2020-08-20 17:11:10.217] [exthost] [info] ExtensionService#_doActivateExtension vscode.debug-auto-launch {"startup":true,"extensionId":{"value":"vscode.debug-auto-launch","_lower":"vscode.debug-auto-launch"},"activationEvent":"*"}
[2020-08-20 17:11:10.217] [exthost] [info] ExtensionService#loadCommonJSModule file:///snap/code/40/usr/share/code/resources/app/extensions/debug-auto-launch/dist/extension
[2020-08-20 17:11:10.218] [exthost] [info] ExtensionService#_doActivateExtension vscode.emmet {"startup":true,"extensionId":{"value":"vscode.emmet","_lower":"vscode.emmet"},"activationEvent":"*"}
[2020-08-20 17:11:10.219] [exthost] [info] ExtensionService#loadCommonJSModule file:///snap/code/40/usr/share/code/resources/app/extensions/emmet/dist/node/emmetNodeMain
[2020-08-20 17:11:10.224] [exthost] [info] ExtensionService#_doActivateExtension vscode.git {"startup":true,"extensionId":{"value":"vscode.github","_lower":"vscode.github"},"activationEvent":"*"}
[2020-08-20 17:11:10.224] [exthost] [info] ExtensionService#loadCommonJSModule file:///snap/code/40/usr/share/code/resources/app/extensions/git/dist/main
[2020-08-20 17:11:10.238] [exthost] [info] ExtensionService#_doActivateExtension vscode.merge-conflict {"startup":true,"extensionId":{"value":"vscode.merge-conflict","_lower":"vscode.merge-conflict"},"activationEvent":"*"}
[2020-08-20 17:11:10.238] [exthost] [info] ExtensionService#loadCommonJSModule file:///snap/code/40/usr/share/code/resources/app/extensions/merge-conflict/dist/mergeConflictMain
[2020-08-20 17:11:10.240] [exthost] [info] ExtensionService#_doActivateExtension vscode.search-result {"startup":true,"extensionId":{"value":"vscode.search-result","_lower":"vscode.search-result"},"activationEvent":"*"}
[2020-08-20 17:11:10.240] [exthost] [info] ExtensionService#loadCommonJSModule file:///snap/code/40/usr/share/code/resources/app/extensions/search-result/dist/extension.js
[2020-08-20 17:11:10.275] [exthost] [info] ExtensionService#_doActivateExtension vscode.github {"startup":true,"extensionId":{"value":"vscode.github","_lower":"vscode.github"},"activationEvent":"*"}
[2020-08-20 17:11:10.275] [exthost] [info] ExtensionService#loadCommonJSModule file:///snap/code/40/usr/share/code/resources/app/extensions/github/dist/extension.js
[2020-08-20 17:11:10.290] [exthost] [info] eager extensions activated
[2020-08-20 17:11:15.721] [exthost] [info] ExtensionService#_doActivateExtension vscode.grunt {"startup":false,"extensionId":{"value":"vscode.grunt","_lower":"vscode.grunt"},"activationEvent":"onCommand:workbench.action.tasks.runTask"}
[2020-08-20 17:11:15.722] [exthost] [info] ExtensionService#loadCommonJSModule file:///snap/code/40/usr/share/code/resources/app/extensions/grunt/dist/main
[2020-08-20 17:11:15.723] [exthost] [info] ExtensionService#_doActivateExtension vscode.gulp {"startup":false,"extensionId":{"value":"vscode.gulp","_lower":"vscode.gulp"},"activationEvent":"onCommand:workbench.action.tasks.runTask"}
[2020-08-20 17:11:15.723] [exthost] [info] ExtensionService#loadCommonJSModule file:///snap/code/40/usr/share/code/resources/app/extensions/gulp/dist/main
[2020-08-20 17:11:15.724] [exthost] [info] ExtensionService#_doActivateExtension vscode.jake {"startup":false,"extensionId":{"value":"vscode.jake","_lower":"vscode.jake"},"activationEvent":"onCommand:workbench.action.tasks.runTask"}
[2020-08-20 17:11:15.724] [exthost] [info] ExtensionService#loadCommonJSModule file:///snap/code/40/usr/share/code/resources/app/extensions/jake/dist/main
[2020-08-20 17:11:15.725] [exthost] [info] ExtensionService#_doActivateExtension vscode.npm {"startup":false,"extensionId":{"value":"vscode.npm","_lower":"vscode.npm"},"activationEvent":"onCommand:workbench.action.tasks.runTask"}
[2020-08-20 17:11:15.725] [exthost] [info] ExtensionService#loadCommonJSModule file:///snap/code/40/usr/share/code/resources/app/extensions/npm/dist/npmMain
[2020-08-20 17:11:15.728] [exthost] [info] ExtensionService#_doActivateExtension vscode.typescript-language-features {"startup":false,"extensionId":{"value":"vscode.typescript-language-features","_lower":"vscode.typescript-language-features"},"activationEvent":"onCommand:workbench.action.tasks.runTask"}
[2020-08-20 17:11:15.728] [exthost] [info] ExtensionService#loadCommonJSModule file:///snap/code/40/usr/share/code/resources/app/extensions/typescript-language-features/dist/extension
[2020-08-20 17:11:41.808] [exthost] [info] extension host started
[2020-08-20 17:11:41.819] [exthost] [info] ExtensionService#_doActivateExtension vscode.microsoft-authentication {"startup":false,"extensionId":{"value":"vscode.microsoft-authentication","_lower":"vscode.microsoft-authentication"},"activationEvent":"onAuthenticationRequest:microsoft"}
[2020-08-20 17:11:41.820] [exthost] [info] ExtensionService#loadCommonJSModule file:///snap/code/40/usr/share/code/resources/app/extensions/microsoft-authentication/dist/extension.js
[2020-08-20 17:11:41.825] [exthost] [info] ExtensionService#_doActivateExtension vscode.github-authentication {"startup":false,"extensionId":{"value":"vscode.github-authentication","_lower":"vscode.github-authentication"},"activationEvent":"onAuthenticationRequest:github"}
[2020-08-20 17:11:41.825] [exthost] [info] ExtensionService#loadCommonJSModule file:///snap/code/40/usr/share/code/resources/app/extensions/github-authentication/dist/extension.js
[2020-08-20 17:11:41.828] [exthost] [info] ExtensionService#_doActivateExtension vscode.debug-auto-launch {"startup":true,"extensionId":{"value":"vscode.debug-auto-launch","_lower":"vscode.debug-auto-launch"},"activationEvent":"*"}
[2020-08-20 17:11:41.828] [exthost] [info] ExtensionService#loadCommonJSModule file:///snap/code/40/usr/share/code/resources/app/extensions/debug-auto-launch/dist/extension
[2020-08-20 17:11:41.829] [exthost] [info] ExtensionService#_doActivateExtension vscode.emmet {"startup":true,"extensionId":{"value":"vscode.emmet","_lower":"vscode.emmet"},"activationEvent":"*"}
[2020-08-20 17:11:41.829] [exthost] [info] ExtensionService#loadCommonJSModule file:///snap/code/40/usr/share/code/resources/app/extensions/emmet/dist/node/emmetNodeMain
[2020-08-20 17:11:41.835] [exthost] [info] ExtensionService#_doActivateExtension vscode.git {"startup":true,"extensionId":{"value":"vscode.github","_lower":"vscode.github"},"activationEvent":"*"}
[2020-08-20 17:11:41.835] [exthost] [info] ExtensionService#loadCommonJSModule file:///snap/code/40/usr/share/code/resources/app/extensions/git/dist/main
[2020-08-20 17:11:41.843] [exthost] [info] ExtensionService#_doActivateExtension vscode.merge-conflict {"startup":true,"extensionId":{"value":"vscode.merge-conflict","_lower":"vscode.merge-conflict"},"activationEvent":"*"}
[2020-08-20 17:11:41.843] [exthost] [info] ExtensionService#loadCommonJSModule file:///snap/code/40/usr/share/code/resources/app/extensions/merge-conflict/dist/mergeConflictMain
[2020-08-20 17:11:41.847] [exthost] [info] ExtensionService#_doActivateExtension vscode.search-result {"startup":true,"extensionId":{"value":"vscode.search-result","_lower":"vscode.search-result"},"activationEvent":"*"}
[2020-08-20 17:11:41.847] [exthost] [info] ExtensionService#loadCommonJSModule file:///snap/code/40/usr/share/code/resources/app/extensions/search-result/dist/extension.js
[2020-08-20 17:11:41.881] [exthost] [info] ExtensionService#_doActivateExtension vscode.github {"startup":true,"extensionId":{"value":"vscode.github","_lower":"vscode.github"},"activationEvent":"*"}
[2020-08-20 17:11:41.881] [exthost] [info] ExtensionService#loadCommonJSModule file:///snap/code/40/usr/share/code/resources/app/extensions/github/dist/extension.js
[2020-08-20 17:11:41.896] [exthost] [info] eager extensions activated
[2020-08-20 17:11:43.243] [exthost] [info] ExtensionService#_doActivateExtension ms-vscode.cpptools {"startup":false,"extensionId":{"value":"ms-vscode.cpptools","_lower":"ms-vscode.cpptools"},"activationEvent":"onLanguage:c"}
[2020-08-20 17:11:43.243] [exthost] [info] ExtensionService#loadCommonJSModule file:///root/.vscode/extensions/ms-vscode.cpptools-0.29.0/dist/main
[2020-08-20 17:11:59.998] [exthost] [warning] ms-vscode.cpptools - Code actions of kind 'quickfix 'requested but returned code action does not have a 'kind'. Code action will be dropped. Please set 'CodeAction.kind'.
[2020-08-20 17:11:59.998] [exthost] [warning] ms-vscode.cpptools - Code actions of kind 'quickfix 'requested but returned code action does not have a 'kind'. Code action will be dropped. Please set 'CodeAction.kind'.
[2020-08-20 17:11:59.998] [exthost] [warning] ms-vscode.cpptools - Code actions of kind 'quickfix 'requested but returned code action does not have a 'kind'. Code action will be dropped. Please set 'CodeAction.kind'.
[2020-08-20 17:12:00.008] [exthost] [info] ExtensionService#_doActivateExtension vscode.configuration-editing {"startup":false,"extensionId":{"value":"vscode.configuration-editing","_lower":"vscode.configuration-editing"},"activationEvent":"onLanguage:json"}
[2020-08-20 17:12:00.009] [exthost] [info] ExtensionService#loadCommonJSModule file:///snap/code/40/usr/share/code/resources/app/extensions/configuration-editing/dist/configurationEditingMain
[2020-08-20 17:12:00.011] [exthost] [info] ExtensionService#_doActivateExtension vscode.extension-editing {"startup":false,"extensionId":{"value":"vscode.extension-editing","_lower":"vscode.extension-editing"},"activationEvent":"onLanguage:json"}
[2020-08-20 17:12:00.011] [exthost] [info] ExtensionService#loadCommonJSModule file:///snap/code/40/usr/share/code/resources/app/extensions/extension-editing/dist/extensionEditingMain
[2020-08-20 17:12:00.029] [exthost] [info] ExtensionService#_doActivateExtension vscode.json-language-features {"startup":false,"extensionId":{"value":"vscode.json-language-features","_lower":"vscode.json-language-features"},"activationEvent":"onLanguage:json"}
[2020-08-20 17:12:00.029] [exthost] [info] ExtensionService#loadCommonJSModule file:///snap/code/40/usr/share/code/resources/app/extensions/json-language-features/client/dist/node/jsonClientMain
[2020-08-20 17:12:00.042] [exthost] [info] ExtensionService#_doActivateExtension ms-vscode.js-debug {"startup":false,"extensionId":{"value":"ms-vscode.js-debug","_lower":"ms-vscode.js-debug"},"activationEvent":"onLanguage:json"}
[2020-08-20 17:12:00.042] [exthost] [info] ExtensionService#loadCommonJSModule file:///snap/code/40/usr/share/code/resources/app/extensions/ms-vscode.js-debug/src/extension.js
[2020-08-20 17:12:00.242] [exthost] [info] ExtensionService#_doActivateExtension vscode.npm {"startup":false,"extensionId":{"value":"vscode.npm","_lower":"vscode.npm"},"activationEvent":"onLanguage:json"}
[2020-08-20 17:12:00.242] [exthost] [info] ExtensionService#loadCommonJSModule file:///snap/code/40/usr/share/code/resources/app/extensions/npm/dist/npmMain
[2020-08-20 17:12:00.338] [exthost] [warning] ms-vscode.cpptools - Code actions of kind 'quickfix 'requested but returned code action does not have a 'kind'. Code action will be dropped. Please set 'CodeAction.kind'.
[2020-08-20 17:12:00.338] [exthost] [warning] ms-vscode.cpptools - Code actions of kind 'quickfix 'requested but returned code action does not have a 'kind'. Code action will be dropped. Please set 'CodeAction.kind'.
[2020-08-20 17:12:00.338] [exthost] [warning] ms-vscode.cpptools - Code actions of kind 'quickfix 'requested but returned code action does not have a 'kind'. Code action will be dropped. Please set 'CodeAction.kind'.
[2020-08-20 17:17:17.523] [exthost] [info] ExtensionService#_doActivateExtension vscode.typescript-language-features {"startup":false,"extensionId":{"value":"vscode.typescript-language-features","_lower":"vscode.typescript-language-features"},"activationEvent":"onLanguage:jsonc"}
[2020-08-20 17:17:17.523] [exthost] [info] ExtensionService#loadCommonJSModule file:///snap/code/40/usr/share/code/resources/app/extensions/typescript-language-features/dist/extension
[2020-08-20 17:17:37.449] [exthost] [info] ExtensionService#_doActivateExtension vscode.grunt {"startup":false,"extensionId":{"value":"vscode.grunt","_lower":"vscode.grunt"},"activationEvent":"onCommand:workbench.action.tasks.runTask"}
[2020-08-20 17:17:37.450] [exthost] [info] ExtensionService#loadCommonJSModule file:///snap/code/40/usr/share/code/resources/app/extensions/grunt/dist/main
[2020-08-20 17:17:37.450] [exthost] [info] ExtensionService#_doActivateExtension vscode.gulp {"startup":false,"extensionId":{"value":"vscode.gulp","_lower":"vscode.gulp"},"activationEvent":"onCommand:workbench.action.tasks.runTask"}
[2020-08-20 17:17:37.450] [exthost] [info] ExtensionService#loadCommonJSModule file:///snap/code/40/usr/share/code/resources/app/extensions/gulp/dist/main
[2020-08-20 17:17:37.451] [exthost] [info] ExtensionService#_doActivateExtension vscode.jake {"startup":false,"extensionId":{"value":"vscode.jake","_lower":"vscode.jake"},"activationEvent":"onCommand:workbench.action.tasks.runTask"}
[2020-08-20 17:17:37.451] [exthost] [info] ExtensionService#loadCommonJSModule file:///snap/code/40/usr/share/code/resources/app/extensions/jake/dist/main
